{
  "RSpec": {
    "coverage": {
      "/Users/spav/Documents/workbench/compensatr/compensatr.rb": [
        null,
        null,
        1,
        1,
        1,
        1,
        1,
        1,
        null,
        null,
        null,
        null,
        null,
        1,
        1,
        1,
        null,
        1,
        null,
        null,
        null,
        null,
        null,
        1,
        null,
        0,
        0,
        0,
        0,
        0,
        0,
        0,
        0,
        0,
        null,
        null,
        0,
        0,
        null,
        null,
        null,
        null,
        null,
        null,
        null,
        null,
        0,
        0,
        null,
        0,
        null,
        null,
        0,
        null,
        null,
        null,
        null,
        null,
        null,
        null,
        null,
        null,
        1,
        0,
        0,
        0,
        null,
        0,
        0,
        0,
        0,
        null,
        null,
        0,
        0,
        0,
        null,
        0,
        0,
        0,
        null,
        null,
        null,
        0,
        0,
        0,
        null,
        0,
        null,
        null,
        0,
        0,
        0,
        0,
        null,
        null,
        0,
        0,
        null,
        null,
        0,
        null,
        null,
        null,
        null,
        null,
        1,
        8,
        15,
        null,
        null,
        null,
        8,
        null,
        null,
        null,
        null,
        null,
        null,
        null,
        null,
        1,
        5,
        null,
        4,
        null,
        null,
        null,
        null,
        null,
        null,
        1,
        4,
        null,
        3,
        null,
        null,
        null,
        null,
        null,
        null,
        null,
        null,
        1,
        1011,
        4,
        6,
        6,
        3,
        null,
        null,
        3,
        null,
        null,
        1,
        null,
        null,
        null,
        null,
        null,
        null,
        null,
        null,
        1,
        7,
        116,
        null,
        null,
        null,
        null,
        null,
        null,
        null,
        null,
        null,
        1,
        4,
        null,
        null,
        null,
        null,
        null,
        null,
        null,
        null,
        1,
        11,
        34,
        null,
        null,
        null,
        null,
        null,
        null,
        null,
        null,
        1,
        4,
        null,
        null,
        null,
        null,
        null,
        null,
        null,
        null,
        null,
        null,
        null,
        null,
        null,
        null,
        1,
        14,
        13,
        null,
        8,
        null,
        null,
        null,
        null,
        null,
        null,
        null,
        null,
        1,
        4,
        null,
        null,
        null,
        null,
        null,
        null,
        null,
        null,
        null,
        null,
        null,
        null,
        null,
        null,
        null,
        null,
        1,
        12,
        3,
        null,
        null,
        8,
        null,
        null,
        null,
        null,
        null,
        null,
        null,
        null,
        null,
        null,
        null,
        1,
        null,
        2,
        null,
        1,
        null,
        1,
        1,
        1,
        1,
        0,
        1,
        0,
        1,
        0,
        1,
        0,
        1,
        0,
        1,
        0,
        1,
        1,
        null,
        null,
        null,
        null,
        null,
        null,
        null,
        1,
        17,
        6,
        7,
        7,
        7,
        7,
        null,
        7,
        null,
        null,
        null,
        null,
        null,
        null,
        null,
        null,
        null,
        1,
        3,
        1,
        1,
        null,
        2,
        2,
        2,
        null,
        2,
        null,
        null,
        null,
        null,
        null,
        null,
        null,
        null,
        null,
        1,
        6,
        3,
        3,
        null,
        3,
        3,
        3,
        null,
        null,
        null,
        null,
        null,
        null,
        null,
        null,
        null,
        null,
        null,
        null,
        null,
        null,
        null,
        null,
        null,
        null,
        null,
        null,
        null,
        null,
        1,
        3,
        1,
        1,
        null,
        2,
        2,
        null,
        1,
        1,
        2,
        1,
        1,
        1,
        1,
        1,
        null,
        1,
        null,
        null,
        null,
        1,
        null,
        null
      ],
      "/Users/spav/Documents/workbench/compensatr/lib/input_parser.rb": [
        null,
        null,
        1,
        null,
        null,
        1,
        1,
        null,
        null,
        1,
        1,
        null,
        null,
        null,
        1,
        null,
        null,
        null,
        34,
        34,
        34,
        34,
        34,
        34,
        34,
        null,
        null,
        1,
        34,
        null,
        null,
        null,
        33,
        null,
        null,
        null,
        1,
        34,
        null,
        null,
        null,
        null,
        1,
        null,
        null,
        null,
        1,
        34,
        null,
        null,
        33,
        null,
        null,
        null,
        1,
        34,
        null,
        null,
        1,
        null,
        null,
        null,
        1,
        34,
        null,
        null,
        null,
        1,
        null,
        null,
        null,
        1,
        34,
        null,
        null,
        null,
        1,
        null,
        null,
        null,
        1,
        34,
        null,
        null,
        null,
        1,
        null,
        null,
        null,
        1,
        34,
        null,
        null,
        null,
        1,
        null,
        null,
        null,
        1,
        34,
        1,
        null,
        null,
        null,
        1,
        34,
        34,
        34,
        34,
        34,
        34,
        34,
        34,
        34,
        34,
        34,
        34,
        0,
        0,
        null,
        null,
        null,
        null,
        null,
        null,
        1,
        34,
        34,
        34,
        34,
        null,
        34,
        1,
        null,
        null,
        33,
        0,
        null,
        null,
        33,
        33,
        null,
        null,
        null,
        null,
        1,
        33,
        null,
        null,
        null,
        null,
        null,
        null
      ],
      "/Users/spav/Documents/workbench/compensatr/lib/file_handler.rb": [
        null,
        null,
        1,
        null,
        null,
        null,
        1,
        1,
        36,
        36,
        null,
        null,
        null,
        null,
        null,
        1,
        null,
        33,
        null,
        1,
        1,
        null,
        33,
        null,
        32,
        null,
        null,
        null,
        null,
        null,
        1,
        34,
        null,
        33,
        null,
        null,
        null,
        null,
        null,
        1,
        67,
        null,
        1,
        1,
        null,
        null,
        null,
        null,
        1,
        null,
        1,
        1,
        null,
        null,
        0,
        null,
        1,
        null,
        null,
        null
      ],
      "/Users/spav/Documents/workbench/compensatr/lib/data_validator.rb": [
        null,
        null,
        null,
        null,
        1,
        null,
        1,
        null,
        null,
        null,
        null,
        null,
        null,
        null,
        null,
        1,
        33,
        33,
        1,
        1,
        1,
        null,
        null,
        null,
        32,
        96,
        null,
        32,
        null,
        null,
        null,
        null,
        null,
        null,
        null,
        null,
        null,
        null,
        null,
        null,
        null,
        null,
        1,
        35,
        35,
        420,
        null,
        null,
        null
      ],
      "/Users/spav/Documents/workbench/compensatr/lib/output.rb": [
        null,
        null,
        null,
        1,
        null,
        null,
        null,
        null,
        1,
        null,
        2,
        null,
        null,
        null,
        null,
        null,
        null,
        null,
        null,
        null,
        null,
        null,
        null,
        null,
        1,
        2,
        null,
        null,
        null,
        null,
        null,
        null,
        null,
        null,
        null,
        null,
        1,
        null,
        1,
        null,
        null,
        null,
        1,
        null,
        1,
        null,
        1,
        null,
        null,
        null
      ]
    },
    "timestamp": 1578510320
  }
}
